<?xml version="1.0" encoding="UTF-8"?>
<!-- Generated by org.testng.reporters.JUnitReportReporter -->
<testsuite hostname="DESKTOP-OSG43F4" failures="0" tests="1" name="testcases.SampleTest" time="0.008" errors="0" timestamp="2022-04-18T10:42:05 IST" skipped="0">
  <testcase classname="testcases.SampleTest" name="test1" time="0.008"/>
  <system-out/>
</testsuite> <!-- testcases.SampleTest -->
